<?xml version="1.0" encoding="UTF-8"?>
<testsuite xmlns:xsi="http://www.w3.org/2001/XMLSchema-instance" xsi:noNamespaceSchemaLocation="https://maven.apache.org/surefire/maven-surefire-plugin/xsd/surefire-test-report-3.0.xsd" version="3.0" name="com.example.Java_keylogger.JavaKeyloggerApplicationTests" time="2.417" tests="1" errors="0" skipped="0" failures="0">
  <properties>
[...]
</properties>
  <testcase name="contextLoads" classname="com.example.Java_keylogger.JavaKeyloggerApplicationTests" time="0.726">
    <system-out><![CDATA[13:34:45.327 [main] INFO org.springframework.test.context.support.AnnotationConfigContextLoaderUtils -- Could not detect default configuration classes for test class [com.example.Java_keylogger.JavaKeyloggerApplicationTests]: JavaKeyloggerApplicationTests does not declare any static, non-private, non-final, nested classes annotated with @Configuration.
13:34:45.432 [main] INFO org.springframework.boot.test.context.SpringBootTestContextBootstrapper -- Found @SpringBootConfiguration com.example.Java_keylogger.JavaKeyloggerApplication for test class com.example.Java_keylogger.JavaKeyloggerApplicationTests

  .   ____          _            __ _ _
 /\\ / ___'_ __ _ _(_)_ __  __ _ \ \ \ \
( ( )\___ | '_ | '_| | '_ \/ _` | \ \ \ \
 \\/  ___)| |_)| | | | | || (_| |  ) ) ) )
  '  |____| .__|_| |_|_| |_\__, | / / / /
 =========|_|==============|___/=/_/_/_/

 :: Spring Boot ::                (v3.3.5)

2024-11-18T13:34:45.821-06:00  INFO 2404 --- [Java-keylogger] [           main] c.e.J.JavaKeyloggerApplicationTests      : Starting JavaKeyloggerApplicationTests using Java 17.0.9 with PID 2404 (started by vamsi in C:\documentsh\Java-keylogger 3)
2024-11-18T13:34:45.829-06:00  INFO 2404 --- [Java-keylogger] [           main] c.e.J.JavaKeyloggerApplicationTests      : No active profile set, falling back to 1 default profile: "default"
2024-11-18T13:34:46.862-06:00  INFO 2404 --- [Java-keylogger] [           main] c.e.J.JavaKeyloggerApplicationTests      : Started JavaKeyloggerApplicationTests in 1.283 seconds (process running for 2.093)
]]></system-out>
  </testcase>
</testsuite>